device cpu
Epoch 1
Train Loss: 15.5193
Val Loss: 11.0268
------------
Epoch 2
Train Loss: 10.7252
Val Loss: 10.4049
------------
Epoch 3
Train Loss: 9.4469
Val Loss: 9.3178
------------
Epoch 4
Train Loss: 8.4791
Val Loss: 8.6076
------------
Epoch 5
Train Loss: 7.9020
Val Loss: 8.2401
------------
Epoch 6
Train Loss: 7.4067
Val Loss: 7.8912
------------
Epoch 7
Train Loss: 7.0190
Val Loss: 7.5631
------------
Epoch 8
Train Loss: 6.6410
Val Loss: 7.3552
------------
Epoch 9
Train Loss: 6.3617
Val Loss: 7.1494
------------
Epoch 10
Train Loss: 6.1011
Val Loss: 7.0307
------------
Epoch 11
Train Loss: 5.8613
Val Loss: 6.8739
------------
Epoch 12
Train Loss: 5.6392
Val Loss: 6.7204
------------
Epoch 13
Train Loss: 5.4318
Val Loss: 6.5966
------------
Epoch 14
Train Loss: 5.2223
Val Loss: 6.4607
------------
Epoch 15
Train Loss: 5.0663
Val Loss: 6.3601
------------
Epoch 16
Train Loss: 4.8777
Val Loss: 6.2907
------------
Epoch 17
Train Loss: 4.7164
Val Loss: 6.2559
------------
Epoch 18
Train Loss: 4.5236
Val Loss: 6.1636
------------
Epoch 19
Train Loss: 4.3533
Val Loss: 6.1580
------------
Epoch 20
Train Loss: 4.2155
Val Loss: 6.0365
------------
Epoch 21
Train Loss: 3.9951
Val Loss: 6.0061
------------
Epoch 22
Train Loss: 3.9823
Val Loss: 6.0973
------------
Epoch 23
Train Loss: 3.8736
Val Loss: 5.9974
------------
Epoch 24
Train Loss: 3.6813
Val Loss: 5.8768
------------
Epoch 25
Train Loss: 3.4040
Val Loss: 5.8365
------------
Epoch 26
Train Loss: 3.1978
Val Loss: 5.8056
------------
Epoch 27
Train Loss: 3.0182
Val Loss: 5.7411
------------
Epoch 28
Train Loss: 2.8494
Val Loss: 5.6851
------------
Epoch 29
Train Loss: 2.6545
Val Loss: 5.6542
------------
Epoch 30
Train Loss: 2.4838
Val Loss: 5.5380
------------
Epoch 31
Train Loss: 2.3237
Val Loss: 5.5436
------------
Epoch 32
Train Loss: 2.1594
Val Loss: 5.6021
------------
Epoch 33
Train Loss: 2.0182
Val Loss: 5.6348
------------
Epoch 34
Train Loss: 1.8992
Val Loss: 5.6823
------------
Epoch 35
Train Loss: 1.7827
Val Loss: 5.7077
------------
Epoch 36
Train Loss: 1.6902
Val Loss: 5.7611
------------
Epoch 37
Train Loss: 1.5399
Val Loss: 5.6718
------------
Epoch 38
Train Loss: 1.4256
Val Loss: 5.7478
------------
Epoch 39
Train Loss: 1.3433
Val Loss: 5.8194
------------
Epoch 40
Train Loss: 1.2267
Val Loss: 5.8940
------------
Epoch 41
Train Loss: 1.1292
Val Loss: 5.8711
------------
Epoch 42
Train Loss: 1.0336
Val Loss: 5.9000
------------
Epoch 43
Train Loss: 0.9611
Val Loss: 5.8882
------------
Epoch 44
Train Loss: 0.9077
Val Loss: 5.8652
------------
Epoch 45
Train Loss: 0.8122
Val Loss: 5.9693
------------
Epoch 46
Train Loss: 0.7425
Val Loss: 5.9360
------------
Epoch 47
Train Loss: 0.6852
Val Loss: 5.9963
------------
Epoch 48
Train Loss: 0.6234
Val Loss: 6.0007
------------
Epoch 49
Train Loss: 0.5705
Val Loss: 6.0451
------------
Epoch 50
Train Loss: 0.5203
Val Loss: 6.0656
------------
Epoch 51
Train Loss: 0.4663
Val Loss: 6.0516
------------
Epoch 52
Train Loss: 0.4311
Val Loss: 6.0839
------------
Epoch 53
Train Loss: 0.3943
Val Loss: 6.1135
------------
Epoch 54
Train Loss: 0.3823
Val Loss: 6.1430
------------
Epoch 55
Train Loss: 0.3185
Val Loss: 6.2437
------------
Epoch 56
Train Loss: 0.2945
Val Loss: 6.1982
------------
Epoch 57
Train Loss: 0.2680
Val Loss: 6.1868
------------
Epoch 58
Train Loss: 0.2408
Val Loss: 6.2418
------------
Epoch 59
Train Loss: 0.2254
Val Loss: 6.2332
------------
Epoch 60
Train Loss: 0.2088
Val Loss: 6.2839
------------
Epoch 61
Train Loss: 0.1845
Val Loss: 6.2861
------------
Epoch 62
Train Loss: 0.1703
Val Loss: 6.2768
------------
Epoch 63
Train Loss: 0.1630
Val Loss: 6.2817
------------
Epoch 64
Train Loss: 0.1500
Val Loss: 6.2800
------------
Epoch 65
Train Loss: 0.1344
Val Loss: 6.3056
------------
Epoch 66
Train Loss: 0.1275
Val Loss: 6.3044
------------
Epoch 67
Train Loss: 0.1142
Val Loss: 6.3332
------------
Epoch 68
Train Loss: 0.1120
Val Loss: 6.3550
------------
Epoch 69
Train Loss: 0.1016
Val Loss: 6.3672
------------
Epoch 70
Train Loss: 0.0988
Val Loss: 6.3655
------------
Epoch 71
Train Loss: 0.0912
Val Loss: 6.3486
------------
Epoch 72
Train Loss: 0.0960
Val Loss: 6.4132
------------
Epoch 73
Train Loss: 0.0794
Val Loss: 6.4507
------------
Epoch 74
Train Loss: 0.0742
Val Loss: 6.4158
------------
Epoch 75
Train Loss: 0.0713
Val Loss: 6.4483
------------
Epoch 76
Train Loss: 0.0729
Val Loss: 6.4654
------------
Epoch 77
Train Loss: 0.0684
Val Loss: 6.4446
------------
Epoch 78
Train Loss: 0.0619
Val Loss: 6.4625
------------
Epoch 79
Train Loss: 0.0603
Val Loss: 6.4851
------------
Epoch 80
Train Loss: 0.0565
Val Loss: 6.4921
------------
Epoch 81
Train Loss: 0.0686
Val Loss: 6.4878
------------
Epoch 82
Train Loss: 0.0538
Val Loss: 6.5147
------------
Epoch 83
Train Loss: 0.0492
Val Loss: 6.5014
------------
Epoch 84
Train Loss: 0.0469
Val Loss: 6.4993
------------
Epoch 85
Train Loss: 0.0544
Val Loss: 6.5676
------------
Epoch 86
Train Loss: 0.0458
Val Loss: 6.5547
------------
Epoch 87
Train Loss: 0.0423
Val Loss: 6.5190
------------
Epoch 88
Train Loss: 0.0412
Val Loss: 6.5843
------------
Epoch 89
Train Loss: 0.0409
Val Loss: 6.5703
------------
Epoch 90
Train Loss: 0.0463
Val Loss: 6.5606
------------
Epoch 91
Train Loss: 0.0379
Val Loss: 6.5794
------------
Epoch 92
Train Loss: 0.0442
Val Loss: 6.5847
------------
Epoch 93
Train Loss: 0.0437
Val Loss: 6.5766
------------
Epoch 94
Train Loss: 0.0351
Val Loss: 6.5805
------------
Epoch 95
Train Loss: 0.0359
Val Loss: 6.5815
------------
Epoch 96
Train Loss: 0.0318
Val Loss: 6.6178
------------
Epoch 97
Train Loss: 0.0300
Val Loss: 6.5942
------------
Epoch 98
Train Loss: 0.0322
Val Loss: 6.6054
------------
Epoch 99
Train Loss: 0.0321
Val Loss: 6.6138
------------
Epoch 100
Train Loss: 0.0289
Val Loss: 6.6121
------------
Epoch 101
Train Loss: 0.0286
Val Loss: 6.6453
------------
Epoch 102
Train Loss: 0.0291
Val Loss: 6.6573
------------
Epoch 103
Train Loss: 0.0285
Val Loss: 6.6306
------------
Epoch 104
Train Loss: 0.0269
Val Loss: 6.6623
------------
Epoch 105
Train Loss: 0.0252
Val Loss: 6.6172
------------
Epoch 106
Train Loss: 0.0259
Val Loss: 6.6784
------------
Epoch 107
Train Loss: 0.0262
Val Loss: 6.6753
------------
Epoch 108
Train Loss: 0.0254
Val Loss: 6.6863
------------
Epoch 109
Train Loss: 0.0247
Val Loss: 6.6687
------------
Epoch 110
Train Loss: 0.0253
Val Loss: 6.6912
------------
Epoch 111
Train Loss: 0.0244
Val Loss: 6.6751
------------
Epoch 112
Train Loss: 0.0325
Val Loss: 6.6982
------------
Epoch 113
Train Loss: 0.0229
Val Loss: 6.6669
------------
Epoch 114
Train Loss: 0.0232
Val Loss: 6.6956
------------
Epoch 115
Train Loss: 0.0238
Val Loss: 6.7008
------------
Epoch 116
Train Loss: 0.0235
Val Loss: 6.7002
------------
Epoch 117
Train Loss: 0.0240
Val Loss: 6.7168
------------
Epoch 118
Train Loss: 0.0218
Val Loss: 6.6999
------------
Epoch 119
Train Loss: 0.0207
Val Loss: 6.7185
------------
Epoch 120
Train Loss: 0.0193
Val Loss: 6.7406
------------
Epoch 121
Train Loss: 0.0200
Val Loss: 6.7235
------------
Epoch 122
Train Loss: 0.0194
Val Loss: 6.7358
------------
Epoch 123
Train Loss: 0.0203
Val Loss: 6.7166
------------
Epoch 124
Train Loss: 0.0175
Val Loss: 6.7390
------------
Epoch 125
Train Loss: 0.0202
Val Loss: 6.7554
------------
Epoch 126
Train Loss: 0.0175
Val Loss: 6.7612
------------
Epoch 127
Train Loss: 0.0244
Val Loss: 6.7599
------------
Epoch 128
Train Loss: 0.0178
Val Loss: 6.7470
------------
Epoch 129
Train Loss: 0.0181
Val Loss: 6.7809
------------
Epoch 130
Train Loss: 0.0172
Val Loss: 6.7775
------------
Epoch 131
Train Loss: 0.0180
Val Loss: 6.7536
------------
Epoch 132
Train Loss: 0.0164
Val Loss: 6.7756
------------
Epoch 133
Train Loss: 0.0177
Val Loss: 6.7785
------------
Epoch 134
Train Loss: 0.0170
Val Loss: 6.7991
------------
Epoch 135
Train Loss: 0.0159
Val Loss: 6.7834
------------
Epoch 136
Train Loss: 0.0211
Val Loss: 6.8139
------------
Epoch 137
Train Loss: 0.0158
Val Loss: 6.7916
------------
Epoch 138
Train Loss: 0.0155
Val Loss: 6.8158
------------
Epoch 139
Train Loss: 0.0176
Val Loss: 6.7625
------------
Epoch 140
Train Loss: 0.0161
Val Loss: 6.8098
------------
Epoch 141
Train Loss: 0.0160
Val Loss: 6.8494
------------
Epoch 142
Train Loss: 0.0159
Val Loss: 6.8129
------------
Epoch 143
Train Loss: 0.0173
Val Loss: 6.8180
------------
Epoch 144
Train Loss: 0.0149
Val Loss: 6.8404
------------
Epoch 145
Train Loss: 0.0150
Val Loss: 6.8020
------------
Epoch 146
Train Loss: 0.0150
Val Loss: 6.8286
------------
Epoch 147
Train Loss: 0.0149
Val Loss: 6.8717
------------
Epoch 148
Train Loss: 0.0144
Val Loss: 6.8262
------------
Epoch 149
Train Loss: 0.0134
Val Loss: 6.8347
------------
Epoch 150
Train Loss: 0.0138
Val Loss: 6.8365
------------
Epoch 151
Train Loss: 0.0133
Val Loss: 6.8436
------------
Epoch 152
Train Loss: 0.0132
Val Loss: 6.8618
------------
Epoch 153
Train Loss: 0.0147
Val Loss: 6.8585
------------
Epoch 154
Train Loss: 0.0132
Val Loss: 6.8363
------------
Epoch 155
Train Loss: 0.0140
Val Loss: 6.8934
------------
Epoch 156
Train Loss: 0.0129
Val Loss: 6.8537
------------
Epoch 157
Train Loss: 0.0139
Val Loss: 6.8688
------------
Epoch 158
Train Loss: 0.0132
Val Loss: 6.8673
------------
Epoch 159
Train Loss: 0.0121
Val Loss: 6.8666
------------
Epoch 160
Train Loss: 0.0142
Val Loss: 6.8825
------------
Epoch 161
Train Loss: 0.0133
Val Loss: 6.8675
------------
Epoch 162
Train Loss: 0.0159
Val Loss: 6.8663
------------
Epoch 163
Train Loss: 0.0158
Val Loss: 6.8629
------------
Epoch 164
Train Loss: 0.0117
Val Loss: 6.9038
------------
Epoch 165
Train Loss: 0.0111
Val Loss: 6.8937
------------
Epoch 166
Train Loss: 0.0133
Val Loss: 6.9067
------------
Epoch 167
Train Loss: 0.0114
Val Loss: 6.9103
------------
Epoch 168
Train Loss: 0.0107
Val Loss: 6.8994
------------
Epoch 169
Train Loss: 0.0112
Val Loss: 6.8973
------------
Epoch 170
Train Loss: 0.0128
Val Loss: 6.8778
------------
Epoch 171
Train Loss: 0.0109
Val Loss: 6.8957
------------
Epoch 172
Train Loss: 0.0110
Val Loss: 6.9038
------------
Epoch 173
Train Loss: 0.0113
Val Loss: 6.9060
------------
Epoch 174
Train Loss: 0.0106
Val Loss: 6.8829
------------
Epoch 175
Train Loss: 0.0115
Val Loss: 6.9179
------------
Epoch 176
Train Loss: 0.0110
Val Loss: 6.9384
------------
Epoch 177
Train Loss: 0.0115
Val Loss: 6.9202
------------
Epoch 178
Train Loss: 0.0114
Val Loss: 6.9349
------------
Epoch 179
Train Loss: 0.0102
Val Loss: 6.9477
------------
Epoch 180
Train Loss: 0.0103
Val Loss: 6.9708
------------
Epoch 181
Train Loss: 0.0102
Val Loss: 6.9293
------------
Epoch 182
Train Loss: 0.0120
Val Loss: 6.9195
------------
Epoch 183
Train Loss: 0.0102
Val Loss: 6.9404
------------
Epoch 184
Train Loss: 0.0109
Val Loss: 6.9479
------------
Epoch 185
Train Loss: 0.0103
Val Loss: 6.9658
------------
Epoch 186
Train Loss: 0.0108
Val Loss: 6.9525
------------
Epoch 187
Train Loss: 0.0113
Val Loss: 6.9540
------------
Epoch 188
Train Loss: 0.0111
Val Loss: 6.9571
------------
Epoch 189
Train Loss: 0.0112
Val Loss: 6.9182
------------
Epoch 190
Train Loss: 0.0099
Val Loss: 6.9837
------------
Epoch 191
Train Loss: 0.0101
Val Loss: 6.9757
------------
Epoch 192
Train Loss: 0.0091
Val Loss: 6.9734
------------
Epoch 193
Train Loss: 0.0100
Val Loss: 6.9822
------------
Epoch 194
Train Loss: 0.0093
Val Loss: 6.9786
------------
Epoch 195
Train Loss: 0.0103
Val Loss: 6.9569
------------
Epoch 196
Train Loss: 0.0108
Val Loss: 6.9502
------------
Epoch 197
Train Loss: 0.0088
Val Loss: 6.9638
------------
Epoch 198
Train Loss: 0.0093
Val Loss: 6.9886
------------
Epoch 199
Train Loss: 0.0103
Val Loss: 6.9676
------------
Epoch 200
Train Loss: 0.0082
Val Loss: 6.9771
------------
Epoch 201
Train Loss: 0.0094
Val Loss: 6.9917
------------
Epoch 202
Train Loss: 0.0088
Val Loss: 6.9837
------------
Epoch 203
Train Loss: 0.0082
Val Loss: 7.0133
------------
Epoch 204
Train Loss: 0.0082
Val Loss: 7.0020
------------
Epoch 205
Train Loss: 0.0088
Val Loss: 6.9928
------------
Epoch 206
Train Loss: 0.0090
Val Loss: 6.9795
------------
Epoch 207
Train Loss: 0.0086
Val Loss: 7.0073
------------
Epoch 208
Train Loss: 0.0087
Val Loss: 7.0062
------------
Epoch 209
Train Loss: 0.0092
Val Loss: 7.0159
------------
Epoch 210
Train Loss: 0.0086
Val Loss: 7.0211
------------
Epoch 211
Train Loss: 0.0074
Val Loss: 7.0071
------------
Epoch 212
Train Loss: 0.0082
Val Loss: 7.0077
------------
Epoch 213
Train Loss: 0.0082
Val Loss: 7.0220
------------
Epoch 214
Train Loss: 0.0080
Val Loss: 7.0006
------------
Epoch 215
Train Loss: 0.0086
Val Loss: 7.0116
------------
Epoch 216
Train Loss: 0.0076
Val Loss: 7.0256
------------
Epoch 217
Train Loss: 0.0082
Val Loss: 7.0195
------------
Epoch 218
Train Loss: 0.0080
Val Loss: 7.0305
------------
Epoch 219
Train Loss: 0.0074
Val Loss: 7.0408
------------
Epoch 220
Train Loss: 0.0088
Val Loss: 7.0387
------------
Epoch 221
Train Loss: 0.0073
Val Loss: 7.0400
------------
Epoch 222
Train Loss: 0.0089
Val Loss: 7.0356
------------
Epoch 223
Train Loss: 0.0079
Val Loss: 7.0413
------------
Epoch 224
Train Loss: 0.0078
Val Loss: 7.0418
------------
Epoch 225
Train Loss: 0.0083
Val Loss: 7.0430
------------
Epoch 226
Train Loss: 0.0072
Val Loss: 7.0609
------------
Epoch 227
Train Loss: 0.0070
Val Loss: 7.0465
------------
Epoch 228
Train Loss: 0.0068
Val Loss: 7.0447
------------
Epoch 229
Train Loss: 0.0076
Val Loss: 7.0550
------------
Epoch 230
Train Loss: 0.0066
Val Loss: 7.0602
------------
Epoch 231
Train Loss: 0.0071
Val Loss: 7.0578
------------
Epoch 232
Train Loss: 0.0070
Val Loss: 7.0607
------------
Epoch 233
Train Loss: 0.0074
Val Loss: 7.0383
------------
Epoch 234
Train Loss: 0.0071
Val Loss: 7.0858
------------
Epoch 235
Train Loss: 0.0073
Val Loss: 7.0568
------------
Epoch 236
Train Loss: 0.0070
Val Loss: 7.0707
------------
Epoch 237
Train Loss: 0.0072
Val Loss: 7.0741
------------
Epoch 238
Train Loss: 0.0072
Val Loss: 7.0661
------------
Epoch 239
Train Loss: 0.0076
Val Loss: 7.0736
------------
Epoch 240
Train Loss: 0.0070
Val Loss: 7.0596
------------
Epoch 241
Train Loss: 0.0073
Val Loss: 7.0755
------------
Epoch 242
Train Loss: 0.0068
Val Loss: 7.0876
------------
Epoch 243
Train Loss: 0.0068
Val Loss: 7.0795
------------
Epoch 244
Train Loss: 0.0064
Val Loss: 7.0721
------------
Epoch 245
Train Loss: 0.0067
Val Loss: 7.0873
------------
Epoch 246
Train Loss: 0.0069
Val Loss: 7.1116
------------
Epoch 247
Train Loss: 0.0066
Val Loss: 7.1119
------------
Epoch 248
Train Loss: 0.0069
Val Loss: 7.0908
------------
Epoch 249
Train Loss: 0.0066
Val Loss: 7.0943
------------
Epoch 250
Train Loss: 0.0072
Val Loss: 7.0906
------------
Epoch 251
Train Loss: 0.0062
Val Loss: 7.1237
------------
Epoch 252
Train Loss: 0.0071
Val Loss: 7.1038
------------
Epoch 253
Train Loss: 0.0072
Val Loss: 7.0968
------------
Epoch 254
Train Loss: 0.0058
Val Loss: 7.1032
------------
Epoch 255
Train Loss: 0.0063
Val Loss: 7.0862
------------
Epoch 256
Train Loss: 0.0062
Val Loss: 7.1034
------------
Epoch 257
Train Loss: 0.0062
Val Loss: 7.1105
------------
Epoch 258
Train Loss: 0.0062
Val Loss: 7.1204
------------
Epoch 259
Train Loss: 0.0062
Val Loss: 7.1162
------------
Epoch 260
Train Loss: 0.0057
Val Loss: 7.1550
------------
Epoch 261
Train Loss: 0.0056
Val Loss: 7.1202
------------
Epoch 262
Train Loss: 0.0062
Val Loss: 7.1542
------------
Epoch 263
Train Loss: 0.0061
Val Loss: 7.1188
------------
Epoch 264
Train Loss: 0.0061
Val Loss: 7.1363
------------
Epoch 265
Train Loss: 0.0061
Val Loss: 7.1467
------------
Epoch 266
Train Loss: 0.0061
Val Loss: 7.1406
------------
Epoch 267
Train Loss: 0.0058
Val Loss: 7.1463
------------
Epoch 268
Train Loss: 0.0081
Val Loss: 7.1525
------------
Epoch 269
Train Loss: 0.0063
Val Loss: 7.1541
------------
Epoch 270
Train Loss: 0.0063
Val Loss: 7.1292
------------
Epoch 271
Train Loss: 0.0060
Val Loss: 7.1530
------------
Epoch 272
Train Loss: 0.0066
Val Loss: 7.1461
------------
Epoch 273
Train Loss: 0.0060
Val Loss: 7.1480
------------
Epoch 274
Train Loss: 0.0059
Val Loss: 7.1366
------------
Epoch 275
Train Loss: 0.0062
Val Loss: 7.1566
------------
Epoch 276
Train Loss: 0.0063
Val Loss: 7.1458
------------
Epoch 277
Train Loss: 0.0056
Val Loss: 7.1613
------------
Epoch 278
Train Loss: 0.0064
Val Loss: 7.1598
------------
Epoch 279
Train Loss: 0.0061
Val Loss: 7.1605
------------
Epoch 280
Train Loss: 0.0060
Val Loss: 7.1509
------------
Epoch 281
Train Loss: 0.0059
Val Loss: 7.1584
------------
Epoch 282
Train Loss: 0.0060
Val Loss: 7.1543
------------
Epoch 283
Train Loss: 0.0060
Val Loss: 7.1945
------------
Epoch 284
Train Loss: 0.0055
Val Loss: 7.1747
------------
Epoch 285
Train Loss: 0.0055
Val Loss: 7.1788
------------
Epoch 286
Train Loss: 0.0057
Val Loss: 7.1757
------------
Epoch 287
Train Loss: 0.0066
Val Loss: 7.1481
------------
Epoch 288
Train Loss: 0.0058
Val Loss: 7.1971
------------
Epoch 289
Train Loss: 0.0061
Val Loss: 7.1806
------------
Epoch 290
Train Loss: 0.0059
Val Loss: 7.1690
------------
Epoch 291
Train Loss: 0.0061
Val Loss: 7.1628
------------
Epoch 292
Train Loss: 0.0059
Val Loss: 7.1898
------------
Epoch 293
Train Loss: 0.0051
Val Loss: 7.1753
------------
Epoch 294
Train Loss: 0.0059
Val Loss: 7.2107
------------
Epoch 295
Train Loss: 0.0060
Val Loss: 7.2012
------------
Epoch 296
Train Loss: 0.0054
Val Loss: 7.2207
------------
Epoch 297
Train Loss: 0.0053
Val Loss: 7.2091
------------
Epoch 298
Train Loss: 0.0046
Val Loss: 7.1889
------------
Epoch 299
Train Loss: 0.0051
Val Loss: 7.1921
------------
Epoch 300
Train Loss: 0.0057
Val Loss: 7.2086
------------
Epoch 301
Train Loss: 0.0064
Val Loss: 7.1904
------------
Epoch 302
Train Loss: 0.0055
Val Loss: 7.1973
------------
Epoch 303
Train Loss: 0.0050
Val Loss: 7.2280
------------
Epoch 304
Train Loss: 0.0054
Val Loss: 7.1986
------------
Epoch 305
Train Loss: 0.0051
Val Loss: 7.2178
------------
Epoch 306
Train Loss: 0.0056
Val Loss: 7.1763
------------
Epoch 307
Train Loss: 0.0053
Val Loss: 7.2175
------------
Epoch 308
Train Loss: 0.0050
Val Loss: 7.2211
------------
Epoch 309
Train Loss: 0.0051
Val Loss: 7.2233
------------
Epoch 310
Train Loss: 0.0054
Val Loss: 7.2021
------------
Epoch 311
Train Loss: 0.0054
Val Loss: 7.2115
------------
Epoch 312
Train Loss: 0.0049
Val Loss: 7.2377
------------
Epoch 313
Train Loss: 0.0053
Val Loss: 7.2142
------------
Epoch 314
Train Loss: 0.0049
Val Loss: 7.2442
------------
Epoch 315
Train Loss: 0.0048
Val Loss: 7.2179
------------
Epoch 316
Train Loss: 0.0048
Val Loss: 7.2367
------------
Epoch 317
Train Loss: 0.0046
Val Loss: 7.2279
------------
Epoch 318
Train Loss: 0.0052
Val Loss: 7.2344
------------
Epoch 319
Train Loss: 0.0052
Val Loss: 7.2331
------------
Epoch 320
Train Loss: 0.0050
Val Loss: 7.2289
------------
Epoch 321
Train Loss: 0.0053
Val Loss: 7.2158
------------
Epoch 322
Train Loss: 0.0047
Val Loss: 7.2366
------------
Epoch 323
Train Loss: 0.0048
Val Loss: 7.2732
------------
Epoch 324
Train Loss: 0.0048
Val Loss: 7.2305
------------
Epoch 325
Train Loss: 0.0047
Val Loss: 7.2379
------------
Epoch 326
Train Loss: 0.0045
Val Loss: 7.2499
------------
Epoch 327
Train Loss: 0.0044
Val Loss: 7.2360
------------
Epoch 328
Train Loss: 0.0052
Val Loss: 7.2560
------------
Epoch 329
Train Loss: 0.0044
Val Loss: 7.2629
------------
Epoch 330
Train Loss: 0.0046
Val Loss: 7.2778
------------
Epoch 331
Train Loss: 0.0048
Val Loss: 7.2937
------------
Epoch 332
Train Loss: 0.0040
Val Loss: 7.2546
------------
Epoch 333
Train Loss: 0.0043
Val Loss: 7.2707
------------
Epoch 334
Train Loss: 0.0043
Val Loss: 7.2660
------------
Epoch 335
Train Loss: 0.0040
Val Loss: 7.2687
------------
Epoch 336
Train Loss: 0.0044
Val Loss: 7.2567
------------
Epoch 337
Train Loss: 0.0045
Val Loss: 7.2796
------------
Epoch 338
Train Loss: 0.0044
Val Loss: 7.2686
------------
Epoch 339
Train Loss: 0.0043
Val Loss: 7.2759
------------
Epoch 340
Train Loss: 0.0044
Val Loss: 7.2675
------------
Epoch 341
Train Loss: 0.0046
Val Loss: 7.2738
------------
Epoch 342
Train Loss: 0.0042
Val Loss: 7.2746
------------
Epoch 343
Train Loss: 0.0042
Val Loss: 7.2796
------------
Epoch 344
Train Loss: 0.0042
Val Loss: 7.2681
------------
Epoch 345
Train Loss: 0.0044
Val Loss: 7.2790
------------
Epoch 346
Train Loss: 0.0045
Val Loss: 7.2847
------------
Epoch 347
Train Loss: 0.0043
Val Loss: 7.2715
------------
Epoch 348
Train Loss: 0.0045
Val Loss: 7.2616
------------
Epoch 349
Train Loss: 0.0044
Val Loss: 7.2906
------------
Epoch 350
Train Loss: 0.0045
Val Loss: 7.2807
------------
Epoch 351
Train Loss: 0.0043
Val Loss: 7.2851
------------
Epoch 352
Train Loss: 0.0040
Val Loss: 7.3156
------------
Epoch 353
Train Loss: 0.0040
Val Loss: 7.3156
------------
Epoch 354
Train Loss: 0.0043
Val Loss: 7.3067
------------
Epoch 355
Train Loss: 0.0044
Val Loss: 7.2726
------------
Epoch 356
Train Loss: 0.0042
Val Loss: 7.3052
------------
Epoch 357
Train Loss: 0.0041
Val Loss: 7.3052
------------
Epoch 358
Train Loss: 0.0046
Val Loss: 7.2814
------------
Epoch 359
Train Loss: 0.0045
Val Loss: 7.3238
------------
Epoch 360
Train Loss: 0.0045
Val Loss: 7.3078
------------
Epoch 361
Train Loss: 0.0046
Val Loss: 7.3302
------------
Epoch 362
Train Loss: 0.0042
Val Loss: 7.3110
------------
Epoch 363
Train Loss: 0.0042
Val Loss: 7.3154
------------
Epoch 364
Train Loss: 0.0037
Val Loss: 7.3349
------------
Epoch 365
Train Loss: 0.0042
Val Loss: 7.3229
------------
Epoch 366
Train Loss: 0.0047
Val Loss: 7.3132
------------
Epoch 367
Train Loss: 0.0040
Val Loss: 7.3262
------------
Epoch 368
Train Loss: 0.0042
Val Loss: 7.3303
------------
Epoch 369
Train Loss: 0.0041
Val Loss: 7.3493
------------
Epoch 370
Train Loss: 0.0046
Val Loss: 7.3314
------------
Epoch 371
Train Loss: 0.0044
Val Loss: 7.3282
------------
Epoch 372
Train Loss: 0.0042
Val Loss: 7.3550
------------
Epoch 373
Train Loss: 0.0038
Val Loss: 7.3246
------------
Epoch 374
Train Loss: 0.0040
Val Loss: 7.3125
------------
Epoch 375
Train Loss: 0.0041
Val Loss: 7.3427
------------
Epoch 376
Train Loss: 0.0039
Val Loss: 7.3622
------------
Epoch 377
Train Loss: 0.0038
Val Loss: 7.3330
------------
Epoch 378
Train Loss: 0.0039
Val Loss: 7.3297
------------
Epoch 379
Train Loss: 0.0042
Val Loss: 7.3361
------------
Epoch 380
Train Loss: 0.0040
Val Loss: 7.3286
------------
Epoch 381
Train Loss: 0.0040
Val Loss: 7.3404
------------
Epoch 382
Train Loss: 0.0037
Val Loss: 7.3288
------------
Epoch 383
Train Loss: 0.0039
Val Loss: 7.3435
------------
Epoch 384
Train Loss: 0.0042
Val Loss: 7.3426
------------
Epoch 385
Train Loss: 0.0035
Val Loss: 7.3693
------------
Epoch 386
Train Loss: 0.0044
Val Loss: 7.3319
------------
Epoch 387
Train Loss: 0.0039
Val Loss: 7.3463
------------
Epoch 388
Train Loss: 0.0039
Val Loss: 7.3414
------------
Epoch 389
Train Loss: 0.0043
Val Loss: 7.3612
------------
Epoch 390
Train Loss: 0.0038
Val Loss: 7.3330
------------
Epoch 391
Train Loss: 0.0044
Val Loss: 7.3387
------------
Epoch 392
Train Loss: 0.0039
Val Loss: 7.3817
------------
Epoch 393
Train Loss: 0.0041
Val Loss: 7.3444
------------
Epoch 394
Train Loss: 0.0038
Val Loss: 7.3553
------------
Epoch 395
Train Loss: 0.0038
Val Loss: 7.3647
------------
Epoch 396
Train Loss: 0.0037
Val Loss: 7.3735
------------
Epoch 397
Train Loss: 0.0038
Val Loss: 7.3541
------------
Epoch 398
Train Loss: 0.0036
Val Loss: 7.3761
------------
Epoch 399
Train Loss: 0.0043
Val Loss: 7.3665
------------
Epoch 400
Train Loss: 0.0036
Val Loss: 7.3963
------------
Epoch 401
Train Loss: 0.0037
Val Loss: 7.3534
------------
Epoch 402
Train Loss: 0.0037
Val Loss: 7.3438
------------
Epoch 403
Train Loss: 0.0038
Val Loss: 7.3752
------------
Epoch 404
Train Loss: 0.0038
Val Loss: 7.3853
------------
Epoch 405
Train Loss: 0.0040
Val Loss: 7.3935
------------
Epoch 406
Train Loss: 0.0040
Val Loss: 7.3766
------------
Epoch 407
Train Loss: 0.0034
Val Loss: 7.3961
------------
Epoch 408
Train Loss: 0.0032
Val Loss: 7.3925
------------
Epoch 409
Train Loss: 0.0033
Val Loss: 7.3980
------------
Epoch 410
Train Loss: 0.0040
Val Loss: 7.4038
------------
Epoch 411
Train Loss: 0.0049
Val Loss: 7.3664
------------
Epoch 412
Train Loss: 0.0036
Val Loss: 7.4002
------------
Epoch 413
Train Loss: 0.0041
Val Loss: 7.3877
------------
Epoch 414
Train Loss: 0.0034
Val Loss: 7.3654
------------
Epoch 415
Train Loss: 0.0035
Val Loss: 7.3871
------------
Epoch 416
Train Loss: 0.0034
Val Loss: 7.4090
------------
Epoch 417
Train Loss: 0.0035
Val Loss: 7.3844
------------
Epoch 418
Train Loss: 0.0036
Val Loss: 7.4037
------------
Epoch 419
Train Loss: 0.0032
Val Loss: 7.4126
------------
Epoch 420
Train Loss: 0.0035
Val Loss: 7.3948
------------
Epoch 421
Train Loss: 0.0035
Val Loss: 7.4153
------------
Epoch 422
Train Loss: 0.0039
Val Loss: 7.4287
------------
Epoch 423
Train Loss: 0.0033
Val Loss: 7.3849
------------
Epoch 424
Train Loss: 0.0038
Val Loss: 7.4262
------------
Epoch 425
Train Loss: 0.0035
Val Loss: 7.4063
------------
Epoch 426
Train Loss: 0.0033
Val Loss: 7.4126
------------
Epoch 427
Train Loss: 0.0039
Val Loss: 7.4223
------------
Epoch 428
Train Loss: 0.0037
Val Loss: 7.4153
------------
Epoch 429
Train Loss: 0.0036
Val Loss: 7.4254
------------
Epoch 430
Train Loss: 0.0035
Val Loss: 7.4125
------------
Epoch 431
Train Loss: 0.0031
Val Loss: 7.4137
------------
Epoch 432
Train Loss: 0.0036
Val Loss: 7.4380
------------
Epoch 433
Train Loss: 0.0031
Val Loss: 7.4217
------------
Epoch 434
Train Loss: 0.0032
Val Loss: 7.4346
------------
Epoch 435
Train Loss: 0.0032
Val Loss: 7.4155
------------
Epoch 436
Train Loss: 0.0033
Val Loss: 7.4570
------------
Epoch 437
Train Loss: 0.0041
Val Loss: 7.4266
------------
Epoch 438
Train Loss: 0.0034
Val Loss: 7.4173
------------
Epoch 439
Train Loss: 0.0030
Val Loss: 7.4422
------------
Epoch 440
Train Loss: 0.0030
Val Loss: 7.4181
------------
Epoch 441
Train Loss: 0.0030
Val Loss: 7.4257
------------
Epoch 442
Train Loss: 0.0034
Val Loss: 7.4446
------------
Epoch 443
Train Loss: 0.0033
Val Loss: 7.4282
------------
Epoch 444
Train Loss: 0.0035
Val Loss: 7.4514
------------
Epoch 445
Train Loss: 0.0037
Val Loss: 7.4322
------------
Epoch 446
Train Loss: 0.0037
Val Loss: 7.4291
------------
Epoch 447
Train Loss: 0.0033
Val Loss: 7.4535
------------
Epoch 448
Train Loss: 0.0031
Val Loss: 7.4621
------------
Epoch 449
Train Loss: 0.0031
Val Loss: 7.4471
------------
Epoch 450
Train Loss: 0.0030
Val Loss: 7.4457
------------
Epoch 451
Train Loss: 0.0032
Val Loss: 7.4538
------------
Epoch 452
Train Loss: 0.0031
Val Loss: 7.4768
------------
Epoch 453
Train Loss: 0.0029
Val Loss: 7.4599
------------
Epoch 454
Train Loss: 0.0029
Val Loss: 7.4420
------------
Epoch 455
Train Loss: 0.0032
Val Loss: 7.4556
------------
Epoch 456
Train Loss: 0.0029
Val Loss: 7.4256
------------
Epoch 457
Train Loss: 0.0035
Val Loss: 7.4812
------------
Epoch 458
Train Loss: 0.0032
Val Loss: 7.4166
------------
Epoch 459
Train Loss: 0.0033
Val Loss: 7.4401
------------
Epoch 460
Train Loss: 0.0030
Val Loss: 7.4743
------------
Epoch 461
Train Loss: 0.0033
Val Loss: 7.4746
------------
Epoch 462
Train Loss: 0.0029
Val Loss: 7.4834
------------
Epoch 463
Train Loss: 0.0030
Val Loss: 7.4740
------------
Epoch 464
Train Loss: 0.0030
Val Loss: 7.4604
------------
Epoch 465
Train Loss: 0.0029
Val Loss: 7.4604
------------
Epoch 466
Train Loss: 0.0030
Val Loss: 7.4838
------------
Epoch 467
Train Loss: 0.0031
Val Loss: 7.4665
------------
Epoch 468
Train Loss: 0.0030
Val Loss: 7.4760
------------
Epoch 469
Train Loss: 0.0028
Val Loss: 7.4650
------------
Epoch 470
Train Loss: 0.0031
Val Loss: 7.4648
------------
Epoch 471
Train Loss: 0.0031
Val Loss: 7.4669
------------
Epoch 472
Train Loss: 0.0029
Val Loss: 7.4964
------------
Epoch 473
Train Loss: 0.0030
Val Loss: 7.4768
------------
Epoch 474
Train Loss: 0.0029
Val Loss: 7.4868
------------
Epoch 475
Train Loss: 0.0030
Val Loss: 7.4819
------------
Epoch 476
Train Loss: 0.0034
Val Loss: 7.4681
------------
Epoch 477
Train Loss: 0.0031
Val Loss: 7.4891
------------
Epoch 478
Train Loss: 0.0031
Val Loss: 7.5207
------------
Epoch 479
Train Loss: 0.0028
Val Loss: 7.4853
------------
Epoch 480
Train Loss: 0.0027
Val Loss: 7.4917
------------
Epoch 481
Train Loss: 0.0034
Val Loss: 7.4916
------------
Epoch 482
Train Loss: 0.0029
Val Loss: 7.5246
------------
Epoch 483
Train Loss: 0.0029
Val Loss: 7.4837
------------
Epoch 484
Train Loss: 0.0031
Val Loss: 7.4807
------------
Epoch 485
Train Loss: 0.0030
Val Loss: 7.5000
------------
Epoch 486
Train Loss: 0.0030
Val Loss: 7.5006
------------
Epoch 487
Train Loss: 0.0029
Val Loss: 7.5084
------------
Epoch 488
Train Loss: 0.0029
Val Loss: 7.5155
------------
Epoch 489
Train Loss: 0.0027
Val Loss: 7.5125
------------
Epoch 490
Train Loss: 0.0034
Val Loss: 7.4967
------------
Epoch 491
Train Loss: 0.0031
Val Loss: 7.5193
------------
Epoch 492
Train Loss: 0.0031
Val Loss: 7.5264
------------
Epoch 493
Train Loss: 0.0027
Val Loss: 7.4906
------------
Epoch 494
Train Loss: 0.0029
Val Loss: 7.5279
------------
Epoch 495
Train Loss: 0.0029
Val Loss: 7.5058
------------
Epoch 496
Train Loss: 0.0029
Val Loss: 7.5278
------------
Epoch 497
Train Loss: 0.0031
Val Loss: 7.4892
------------
Epoch 498
Train Loss: 0.0030
Val Loss: 7.5140
------------
Epoch 499
Train Loss: 0.0026
Val Loss: 7.5084
------------
Epoch 500
Train Loss: 0.0026
Val Loss: 7.5241
------------
tested
