device cpu
Epoch 1
Train Loss: 15.5665
Val Loss: 11.0741
------------
Epoch 2
Train Loss: 10.8752
Val Loss: 9.9370
------------
Epoch 3
Train Loss: 9.5384
Val Loss: 8.7692
------------
Epoch 4
Train Loss: 8.6723
Val Loss: 8.0749
------------
Epoch 5
Train Loss: 8.0603
Val Loss: 7.6448
------------
Epoch 6
Train Loss: 7.6267
Val Loss: 7.3088
------------
Epoch 7
Train Loss: 7.1937
Val Loss: 6.8376
------------
Epoch 8
Train Loss: 6.9047
Val Loss: 6.5227
------------
Epoch 9
Train Loss: 6.5662
Val Loss: 6.2372
------------
Epoch 10
Train Loss: 6.2868
Val Loss: 6.0631
------------
Epoch 11
Train Loss: 6.0353
Val Loss: 5.7673
------------
Epoch 12
Train Loss: 5.8050
Val Loss: 5.5890
------------
Epoch 13
Train Loss: 5.6083
Val Loss: 5.2944
------------
Epoch 14
Train Loss: 5.3573
Val Loss: 5.0943
------------
Epoch 15
Train Loss: 5.1438
Val Loss: 4.8927
------------
Epoch 16
Train Loss: 4.9399
Val Loss: 4.6987
------------
Epoch 17
Train Loss: 4.7846
Val Loss: 4.4965
------------
Epoch 18
Train Loss: 4.5828
Val Loss: 4.3088
------------
Epoch 19
Train Loss: 4.3688
Val Loss: 4.0829
------------
Epoch 20
Train Loss: 4.1305
Val Loss: 3.8508
------------
Epoch 21
Train Loss: 3.9406
Val Loss: 3.6294
------------
Epoch 22
Train Loss: 3.6983
Val Loss: 3.3849
------------
Epoch 23
Train Loss: 3.4951
Val Loss: 3.1517
------------
Epoch 24
Train Loss: 3.2362
Val Loss: 2.9188
------------
Epoch 25
Train Loss: 3.0488
Val Loss: 2.7381
------------
Epoch 26
Train Loss: 2.8570
Val Loss: 2.5268
------------
Epoch 27
Train Loss: 2.6978
Val Loss: 2.4237
------------
Epoch 28
Train Loss: 2.5459
Val Loss: 2.3214
------------
Epoch 29
Train Loss: 2.4039
Val Loss: 2.1154
------------
Epoch 30
Train Loss: 2.2308
Val Loss: 1.9275
------------
Epoch 31
Train Loss: 2.0717
Val Loss: 1.7830
------------
Epoch 32
Train Loss: 1.9361
Val Loss: 1.6683
------------
Epoch 33
Train Loss: 1.8168
Val Loss: 1.5332
------------
Epoch 34
Train Loss: 1.6764
Val Loss: 1.4061
------------
Epoch 35
Train Loss: 1.5544
Val Loss: 1.3160
------------
Epoch 36
Train Loss: 1.4502
Val Loss: 1.1676
------------
Epoch 37
Train Loss: 1.3424
Val Loss: 1.0706
------------
Epoch 38
Train Loss: 1.2503
Val Loss: 0.9828
------------
Epoch 39
Train Loss: 1.1329
Val Loss: 0.8992
------------
Epoch 40
Train Loss: 1.0555
Val Loss: 0.8002
------------
Epoch 41
Train Loss: 0.9785
Val Loss: 0.7081
------------
Epoch 42
Train Loss: 0.8756
Val Loss: 0.6481
------------
Epoch 43
Train Loss: 0.8173
Val Loss: 0.5744
------------
Epoch 44
Train Loss: 0.7316
Val Loss: 0.5192
------------
Epoch 45
Train Loss: 0.6521
Val Loss: 0.4556
------------
Epoch 46
Train Loss: 0.5932
Val Loss: 0.4114
------------
Epoch 47
Train Loss: 0.5576
Val Loss: 0.3682
------------
Epoch 48
Train Loss: 0.4894
Val Loss: 0.3199
------------
Epoch 49
Train Loss: 0.4428
Val Loss: 0.2853
------------
Epoch 50
Train Loss: 0.3950
Val Loss: 0.2598
------------
Epoch 51
Train Loss: 0.3688
Val Loss: 0.2227
------------
Epoch 52
Train Loss: 0.3365
Val Loss: 0.2094
------------
Epoch 53
Train Loss: 0.3040
Val Loss: 0.1836
------------
Epoch 54
Train Loss: 0.2722
Val Loss: 0.1591
------------
Epoch 55
Train Loss: 0.2462
Val Loss: 0.1424
------------
Epoch 56
Train Loss: 0.2216
Val Loss: 0.1265
------------
Epoch 57
Train Loss: 0.2058
Val Loss: 0.1125
------------
Epoch 58
Train Loss: 0.1901
Val Loss: 0.1056
------------
Epoch 59
Train Loss: 0.1770
Val Loss: 0.0928
------------
Epoch 60
Train Loss: 0.1569
Val Loss: 0.0939
------------
Epoch 61
Train Loss: 0.1426
Val Loss: 0.0756
------------
Epoch 62
Train Loss: 0.1361
Val Loss: 0.0710
------------
Epoch 63
Train Loss: 0.1242
Val Loss: 0.0632
------------
Epoch 64
Train Loss: 0.1305
Val Loss: 0.0591
------------
Epoch 65
Train Loss: 0.1075
Val Loss: 0.0543
------------
Epoch 66
Train Loss: 0.1017
Val Loss: 0.0490
------------
Epoch 67
Train Loss: 0.1105
Val Loss: 0.0468
------------
Epoch 68
Train Loss: 0.0898
Val Loss: 0.0525
------------
Epoch 69
Train Loss: 0.0827
Val Loss: 0.0402
------------
Epoch 70
Train Loss: 0.0784
Val Loss: 0.0378
------------
Epoch 71
Train Loss: 0.0742
Val Loss: 0.0352
------------
Epoch 72
Train Loss: 0.0687
Val Loss: 0.0426
------------
Epoch 73
Train Loss: 0.0641
Val Loss: 0.0331
------------
Epoch 74
Train Loss: 0.0628
Val Loss: 0.0310
------------
Epoch 75
Train Loss: 0.0617
Val Loss: 0.0287
------------
Epoch 76
Train Loss: 0.0592
Val Loss: 0.0272
------------
Epoch 77
Train Loss: 0.0648
Val Loss: 0.0260
------------
Epoch 78
Train Loss: 0.0568
Val Loss: 0.0261
------------
Epoch 79
Train Loss: 0.0513
Val Loss: 0.0319
------------
Epoch 80
Train Loss: 0.0540
Val Loss: 0.0228
------------
Epoch 81
Train Loss: 0.0500
Val Loss: 0.0228
------------
Epoch 82
Train Loss: 0.0470
Val Loss: 0.0233
------------
Epoch 83
Train Loss: 0.0430
Val Loss: 0.0197
------------
Epoch 84
Train Loss: 0.0476
Val Loss: 0.0193
------------
Epoch 85
Train Loss: 0.0425
Val Loss: 0.0196
------------
Epoch 86
Train Loss: 0.0428
Val Loss: 0.0206
------------
Epoch 87
Train Loss: 0.0384
Val Loss: 0.0186
------------
Epoch 88
Train Loss: 0.0399
Val Loss: 0.0173
------------
Epoch 89
Train Loss: 0.0400
Val Loss: 0.0170
------------
Epoch 90
Train Loss: 0.0357
Val Loss: 0.0154
------------
Epoch 91
Train Loss: 0.0324
Val Loss: 0.0165
------------
Epoch 92
Train Loss: 0.0337
Val Loss: 0.0214
------------
Epoch 93
Train Loss: 0.0326
Val Loss: 0.0150
------------
Epoch 94
Train Loss: 0.0330
Val Loss: 0.0218
------------
Epoch 95
Train Loss: 0.0307
Val Loss: 0.0138
------------
Epoch 96
Train Loss: 0.0309
Val Loss: 0.0138
------------
Epoch 97
Train Loss: 0.0291
Val Loss: 0.0127
------------
Epoch 98
Train Loss: 0.0297
Val Loss: 0.0132
------------
Epoch 99
Train Loss: 0.0288
Val Loss: 0.0134
------------
Epoch 100
Train Loss: 0.0292
Val Loss: 0.0196
------------
Epoch 101
Train Loss: 0.0277
Val Loss: 0.0123
------------
Epoch 102
Train Loss: 0.0266
Val Loss: 0.0112
------------
Epoch 103
Train Loss: 0.0266
Val Loss: 0.0113
------------
Epoch 104
Train Loss: 0.0262
Val Loss: 0.0136
------------
Epoch 105
Train Loss: 0.0254
Val Loss: 0.0107
------------
Epoch 106
Train Loss: 0.0244
Val Loss: 0.0118
------------
Epoch 107
Train Loss: 0.0237
Val Loss: 0.0108
------------
Epoch 108
Train Loss: 0.0230
Val Loss: 0.0121
------------
Epoch 109
Train Loss: 0.0264
Val Loss: 0.0111
------------
Epoch 110
Train Loss: 0.0227
Val Loss: 0.0098
------------
Epoch 111
Train Loss: 0.0221
Val Loss: 0.0100
------------
Epoch 112
Train Loss: 0.0213
Val Loss: 0.0100
------------
Epoch 113
Train Loss: 0.0250
Val Loss: 0.0157
------------
Epoch 114
Train Loss: 0.0225
Val Loss: 0.0104
------------
Epoch 115
Train Loss: 0.0236
Val Loss: 0.0093
------------
Epoch 116
Train Loss: 0.0211
Val Loss: 0.0103
------------
Epoch 117
Train Loss: 0.0217
Val Loss: 0.0097
------------
Epoch 118
Train Loss: 0.0198
Val Loss: 0.0087
------------
Epoch 119
Train Loss: 0.0197
Val Loss: 0.0085
------------
Epoch 120
Train Loss: 0.0182
Val Loss: 0.0091
------------
Epoch 121
Train Loss: 0.0191
Val Loss: 0.0088
------------
Epoch 122
Train Loss: 0.0193
Val Loss: 0.0093
------------
Epoch 123
Train Loss: 0.0195
Val Loss: 0.0080
------------
Epoch 124
Train Loss: 0.0183
Val Loss: 0.0088
------------
Epoch 125
Train Loss: 0.0194
Val Loss: 0.0087
------------
Epoch 126
Train Loss: 0.0197
Val Loss: 0.0087
------------
Epoch 127
Train Loss: 0.0179
Val Loss: 0.0079
------------
Epoch 128
Train Loss: 0.0168
Val Loss: 0.0081
------------
Epoch 129
Train Loss: 0.0254
Val Loss: 0.0077
------------
Epoch 130
Train Loss: 0.0165
Val Loss: 0.0076
------------
Epoch 131
Train Loss: 0.0161
Val Loss: 0.0074
------------
Epoch 132
Train Loss: 0.0167
Val Loss: 0.0071
------------
Epoch 133
Train Loss: 0.0171
Val Loss: 0.0088
------------
Epoch 134
Train Loss: 0.0164
Val Loss: 0.0075
------------
Epoch 135
Train Loss: 0.0144
Val Loss: 0.0067
------------
Epoch 136
Train Loss: 0.0167
Val Loss: 0.0068
------------
Epoch 137
Train Loss: 0.0223
Val Loss: 0.0071
------------
Epoch 138
Train Loss: 0.0166
Val Loss: 0.0113
------------
Epoch 139
Train Loss: 0.0149
Val Loss: 0.0066
------------
Epoch 140
Train Loss: 0.0151
Val Loss: 0.0104
------------
Epoch 141
Train Loss: 0.0158
Val Loss: 0.0066
------------
Epoch 142
Train Loss: 0.0151
Val Loss: 0.0066
------------
Epoch 143
Train Loss: 0.0137
Val Loss: 0.0067
------------
Epoch 144
Train Loss: 0.0139
Val Loss: 0.0070
------------
Epoch 145
Train Loss: 0.0130
Val Loss: 0.0105
------------
Epoch 146
Train Loss: 0.0154
Val Loss: 0.0059
------------
Epoch 147
Train Loss: 0.0133
Val Loss: 0.0059
------------
Epoch 148
Train Loss: 0.0141
Val Loss: 0.0057
------------
Epoch 149
Train Loss: 0.0146
Val Loss: 0.0060
------------
Epoch 150
Train Loss: 0.0135
Val Loss: 0.0057
------------
Epoch 151
Train Loss: 0.0134
Val Loss: 0.0056
------------
Epoch 152
Train Loss: 0.0122
Val Loss: 0.0056
------------
Epoch 153
Train Loss: 0.0131
Val Loss: 0.0057
------------
Epoch 154
Train Loss: 0.0139
Val Loss: 0.0062
------------
Epoch 155
Train Loss: 0.0125
Val Loss: 0.0057
------------
Epoch 156
Train Loss: 0.0122
Val Loss: 0.0052
------------
Epoch 157
Train Loss: 0.0123
Val Loss: 0.0051
------------
Epoch 158
Train Loss: 0.0119
Val Loss: 0.0099
------------
Epoch 159
Train Loss: 0.0119
Val Loss: 0.0052
------------
Epoch 160
Train Loss: 0.0113
Val Loss: 0.0053
------------
Epoch 161
Train Loss: 0.0123
Val Loss: 0.0053
------------
Epoch 162
Train Loss: 0.0105
Val Loss: 0.0052
------------
Epoch 163
Train Loss: 0.0128
Val Loss: 0.0056
------------
Epoch 164
Train Loss: 0.0159
Val Loss: 0.0049
------------
Epoch 165
Train Loss: 0.0119
Val Loss: 0.0050
------------
Epoch 166
Train Loss: 0.0143
Val Loss: 0.0051
------------
Epoch 167
Train Loss: 0.0112
Val Loss: 0.0051
------------
Epoch 168
Train Loss: 0.0114
Val Loss: 0.0048
------------
Epoch 169
Train Loss: 0.0108
Val Loss: 0.0048
------------
Epoch 170
Train Loss: 0.0115
Val Loss: 0.0054
------------
Epoch 171
Train Loss: 0.0115
Val Loss: 0.0053
------------
Epoch 172
Train Loss: 0.0113
Val Loss: 0.0047
------------
Epoch 173
Train Loss: 0.0104
Val Loss: 0.0045
------------
Epoch 174
Train Loss: 0.0116
Val Loss: 0.0046
------------
Epoch 175
Train Loss: 0.0102
Val Loss: 0.0042
------------
Epoch 176
Train Loss: 0.0098
Val Loss: 0.0046
------------
Epoch 177
Train Loss: 0.0102
Val Loss: 0.0045
------------
Epoch 178
Train Loss: 0.0105
Val Loss: 0.0047
------------
Epoch 179
Train Loss: 0.0112
Val Loss: 0.0045
------------
Epoch 180
Train Loss: 0.0113
Val Loss: 0.0044
------------
Epoch 181
Train Loss: 0.0106
Val Loss: 0.0047
------------
Epoch 182
Train Loss: 0.0101
Val Loss: 0.0045
------------
Epoch 183
Train Loss: 0.0129
Val Loss: 0.0045
------------
Epoch 184
Train Loss: 0.0108
Val Loss: 0.0043
------------
Epoch 185
Train Loss: 0.0098
Val Loss: 0.0042
------------
Epoch 186
Train Loss: 0.0105
Val Loss: 0.0043
------------
Epoch 187
Train Loss: 0.0100
Val Loss: 0.0045
------------
Epoch 188
Train Loss: 0.0089
Val Loss: 0.0060
------------
Epoch 189
Train Loss: 0.0118
Val Loss: 0.0054
------------
Epoch 190
Train Loss: 0.0095
Val Loss: 0.0044
------------
Epoch 191
Train Loss: 0.0090
Val Loss: 0.0039
------------
Epoch 192
Train Loss: 0.0088
Val Loss: 0.0040
------------
Epoch 193
Train Loss: 0.0094
Val Loss: 0.0042
------------
Epoch 194
Train Loss: 0.0089
Val Loss: 0.0038
------------
Epoch 195
Train Loss: 0.0088
Val Loss: 0.0040
------------
Epoch 196
Train Loss: 0.0099
Val Loss: 0.0039
------------
Epoch 197
Train Loss: 0.0099
Val Loss: 0.0039
------------
Epoch 198
Train Loss: 0.0096
Val Loss: 0.0045
------------
Epoch 199
Train Loss: 0.0085
Val Loss: 0.0040
------------
Epoch 200
Train Loss: 0.0085
Val Loss: 0.0049
------------
Epoch 201
Train Loss: 0.0093
Val Loss: 0.0054
------------
Epoch 202
Train Loss: 0.0086
Val Loss: 0.0038
------------
Epoch 203
Train Loss: 0.0089
Val Loss: 0.0036
------------
Epoch 204
Train Loss: 0.0088
Val Loss: 0.0034
------------
Epoch 205
Train Loss: 0.0092
Val Loss: 0.0050
------------
Epoch 206
Train Loss: 0.0088
Val Loss: 0.0043
------------
Epoch 207
Train Loss: 0.0121
Val Loss: 0.0043
------------
Epoch 208
Train Loss: 0.0090
Val Loss: 0.0039
------------
Epoch 209
Train Loss: 0.0081
Val Loss: 0.0035
------------
Epoch 210
Train Loss: 0.0076
Val Loss: 0.0037
------------
Epoch 211
Train Loss: 0.0073
Val Loss: 0.0036
------------
Epoch 212
Train Loss: 0.0081
Val Loss: 0.0032
------------
Epoch 213
Train Loss: 0.0091
Val Loss: 0.0038
------------
Epoch 214
Train Loss: 0.0085
Val Loss: 0.0036
------------
Epoch 215
Train Loss: 0.0080
Val Loss: 0.0037
------------
Epoch 216
Train Loss: 0.0081
Val Loss: 0.0042
------------
Epoch 217
Train Loss: 0.0074
Val Loss: 0.0040
------------
Epoch 218
Train Loss: 0.0071
Val Loss: 0.0034
------------
Epoch 219
Train Loss: 0.0087
Val Loss: 0.0033
------------
Epoch 220
Train Loss: 0.0074
Val Loss: 0.0033
------------
Epoch 221
Train Loss: 0.0078
Val Loss: 0.0037
------------
Epoch 222
Train Loss: 0.0078
Val Loss: 0.0034
------------
Epoch 223
Train Loss: 0.0077
Val Loss: 0.0033
------------
Epoch 224
Train Loss: 0.0080
Val Loss: 0.0032
------------
Epoch 225
Train Loss: 0.0094
Val Loss: 0.0035
------------
Epoch 226
Train Loss: 0.0083
Val Loss: 0.0031
------------
Epoch 227
Train Loss: 0.0081
Val Loss: 0.0034
------------
Epoch 228
Train Loss: 0.0077
Val Loss: 0.0036
------------
Epoch 229
Train Loss: 0.0074
Val Loss: 0.0032
------------
Epoch 230
Train Loss: 0.0077
Val Loss: 0.0031
------------
Epoch 231
Train Loss: 0.0079
Val Loss: 0.0034
------------
Epoch 232
Train Loss: 0.0079
Val Loss: 0.0032
------------
Epoch 233
Train Loss: 0.0078
Val Loss: 0.0030
------------
Epoch 234
Train Loss: 0.0072
Val Loss: 0.0029
------------
Epoch 235
Train Loss: 0.0078
Val Loss: 0.0030
------------
Epoch 236
Train Loss: 0.0070
Val Loss: 0.0032
------------
Epoch 237
Train Loss: 0.0059
Val Loss: 0.0032
------------
Epoch 238
Train Loss: 0.0077
Val Loss: 0.0043
------------
Epoch 239
Train Loss: 0.0087
Val Loss: 0.0034
------------
Epoch 240
Train Loss: 0.0071
Val Loss: 0.0033
------------
Epoch 241
Train Loss: 0.0070
Val Loss: 0.0029
------------
Epoch 242
Train Loss: 0.0068
Val Loss: 0.0037
------------
Epoch 243
Train Loss: 0.0102
Val Loss: 0.0033
------------
Epoch 244
Train Loss: 0.0082
Val Loss: 0.0034
------------
Epoch 245
Train Loss: 0.0063
Val Loss: 0.0031
------------
Epoch 246
Train Loss: 0.0065
Val Loss: 0.0028
------------
Epoch 247
Train Loss: 0.0070
Val Loss: 0.0032
------------
Epoch 248
Train Loss: 0.0088
Val Loss: 0.0030
------------
Epoch 249
Train Loss: 0.0067
Val Loss: 0.0029
------------
Epoch 250
Train Loss: 0.0072
Val Loss: 0.0031
------------
Epoch 251
Train Loss: 0.0061
Val Loss: 0.0029
------------
Epoch 252
Train Loss: 0.0062
Val Loss: 0.0027
------------
Epoch 253
Train Loss: 0.0067
Val Loss: 0.0027
------------
Epoch 254
Train Loss: 0.0076
Val Loss: 0.0028
------------
Epoch 255
Train Loss: 0.0069
Val Loss: 0.0027
------------
Epoch 256
Train Loss: 0.0061
Val Loss: 0.0028
------------
Epoch 257
Train Loss: 0.0069
Val Loss: 0.0028
------------
Epoch 258
Train Loss: 0.0066
Val Loss: 0.0027
------------
Epoch 259
Train Loss: 0.0070
Val Loss: 0.0027
------------
Epoch 260
Train Loss: 0.0070
Val Loss: 0.0028
------------
Epoch 261
Train Loss: 0.0077
Val Loss: 0.0027
------------
Epoch 262
Train Loss: 0.0063
Val Loss: 0.0027
------------
Epoch 263
Train Loss: 0.0057
Val Loss: 0.0029
------------
Epoch 264
Train Loss: 0.0060
Val Loss: 0.0026
------------
Epoch 265
Train Loss: 0.0065
Val Loss: 0.0026
------------
Epoch 266
Train Loss: 0.0064
Val Loss: 0.0027
------------
Epoch 267
Train Loss: 0.0056
Val Loss: 0.0027
------------
Epoch 268
Train Loss: 0.0064
Val Loss: 0.0026
------------
Epoch 269
Train Loss: 0.0069
Val Loss: 0.0026
------------
Epoch 270
Train Loss: 0.0058
Val Loss: 0.0025
------------
Epoch 271
Train Loss: 0.0059
Val Loss: 0.0026
------------
Epoch 272
Train Loss: 0.0056
Val Loss: 0.0025
------------
Epoch 273
Train Loss: 0.0059
Val Loss: 0.0025
------------
Epoch 274
Train Loss: 0.0055
Val Loss: 0.0025
------------
Epoch 275
Train Loss: 0.0053
Val Loss: 0.0026
------------
Epoch 276
Train Loss: 0.0060
Val Loss: 0.0025
------------
Epoch 277
Train Loss: 0.0065
Val Loss: 0.0027
------------
Epoch 278
Train Loss: 0.0055
Val Loss: 0.0024
------------
Epoch 279
Train Loss: 0.0055
Val Loss: 0.0025
------------
Epoch 280
Train Loss: 0.0059
Val Loss: 0.0028
------------
Epoch 281
Train Loss: 0.0060
Val Loss: 0.0024
------------
Epoch 282
Train Loss: 0.0055
Val Loss: 0.0023
------------
Epoch 283
Train Loss: 0.0056
Val Loss: 0.0023
------------
Epoch 284
Train Loss: 0.0063
Val Loss: 0.0027
------------
Epoch 285
Train Loss: 0.0064
Val Loss: 0.0026
------------
Epoch 286
Train Loss: 0.0058
Val Loss: 0.0023
------------
Epoch 287
Train Loss: 0.0052
Val Loss: 0.0022
------------
Epoch 288
Train Loss: 0.0065
Val Loss: 0.0027
------------
Epoch 289
Train Loss: 0.0054
Val Loss: 0.0025
------------
Epoch 290
Train Loss: 0.0058
Val Loss: 0.0025
------------
Epoch 291
Train Loss: 0.0050
Val Loss: 0.0025
------------
Epoch 292
Train Loss: 0.0050
Val Loss: 0.0024
------------
Epoch 293
Train Loss: 0.0061
Val Loss: 0.0024
------------
Epoch 294
Train Loss: 0.0048
Val Loss: 0.0022
------------
Epoch 295
Train Loss: 0.0052
Val Loss: 0.0025
------------
Epoch 296
Train Loss: 0.0059
Val Loss: 0.0022
------------
Epoch 297
Train Loss: 0.0056
Val Loss: 0.0022
------------
Epoch 298
Train Loss: 0.0056
Val Loss: 0.0022
------------
Epoch 299
Train Loss: 0.0050
Val Loss: 0.0025
------------
Epoch 300
Train Loss: 0.0053
Val Loss: 0.0023
------------
Epoch 301
Train Loss: 0.0053
Val Loss: 0.0021
------------
Epoch 302
Train Loss: 0.0054
Val Loss: 0.0022
------------
Epoch 303
Train Loss: 0.0047
Val Loss: 0.0024
------------
Epoch 304
Train Loss: 0.0046
Val Loss: 0.0022
------------
Epoch 305
Train Loss: 0.0055
Val Loss: 0.0023
------------
Epoch 306
Train Loss: 0.0058
Val Loss: 0.0021
------------
Epoch 307
Train Loss: 0.0052
Val Loss: 0.0023
------------
Epoch 308
Train Loss: 0.0054
Val Loss: 0.0023
------------
Epoch 309
Train Loss: 0.0052
Val Loss: 0.0022
------------
Epoch 310
Train Loss: 0.0046
Val Loss: 0.0022
------------
Epoch 311
Train Loss: 0.0048
Val Loss: 0.0023
------------
Epoch 312
Train Loss: 0.0054
Val Loss: 0.0022
------------
Epoch 313
Train Loss: 0.0056
Val Loss: 0.0023
------------
Epoch 314
Train Loss: 0.0046
Val Loss: 0.0021
------------
Epoch 315
Train Loss: 0.0051
Val Loss: 0.0022
------------
Epoch 316
Train Loss: 0.0047
Val Loss: 0.0020
------------
Epoch 317
Train Loss: 0.0049
Val Loss: 0.0021
------------
Epoch 318
Train Loss: 0.0050
Val Loss: 0.0022
------------
Epoch 319
Train Loss: 0.0049
Val Loss: 0.0021
------------
Epoch 320
Train Loss: 0.0047
Val Loss: 0.0021
------------
Epoch 321
Train Loss: 0.0048
Val Loss: 0.0021
------------
Epoch 322
Train Loss: 0.0053
Val Loss: 0.0019
------------
Epoch 323
Train Loss: 0.0049
Val Loss: 0.0020
------------
Epoch 324
Train Loss: 0.0053
Val Loss: 0.0021
------------
Epoch 325
Train Loss: 0.0047
Val Loss: 0.0020
------------
Epoch 326
Train Loss: 0.0051
Val Loss: 0.0020
------------
Epoch 327
Train Loss: 0.0042
Val Loss: 0.0019
------------
Epoch 328
Train Loss: 0.0048
Val Loss: 0.0020
------------
Epoch 329
Train Loss: 0.0046
Val Loss: 0.0020
------------
Epoch 330
Train Loss: 0.0045
Val Loss: 0.0021
------------
Epoch 331
Train Loss: 0.0046
Val Loss: 0.0019
------------
Epoch 332
Train Loss: 0.0046
Val Loss: 0.0020
------------
Epoch 333
Train Loss: 0.0043
Val Loss: 0.0021
------------
Epoch 334
Train Loss: 0.0047
Val Loss: 0.0020
------------
Epoch 335
Train Loss: 0.0048
Val Loss: 0.0019
------------
Epoch 336
Train Loss: 0.0049
Val Loss: 0.0019
------------
Epoch 337
Train Loss: 0.0050
Val Loss: 0.0021
------------
Epoch 338
Train Loss: 0.0048
Val Loss: 0.0019
------------
Epoch 339
Train Loss: 0.0046
Val Loss: 0.0019
------------
Epoch 340
Train Loss: 0.0042
Val Loss: 0.0019
------------
Epoch 341
Train Loss: 0.0048
Val Loss: 0.0020
------------
Epoch 342
Train Loss: 0.0043
Val Loss: 0.0018
------------
Epoch 343
Train Loss: 0.0042
Val Loss: 0.0021
------------
Epoch 344
Train Loss: 0.0046
Val Loss: 0.0020
------------
Epoch 345
Train Loss: 0.0045
Val Loss: 0.0019
------------
Epoch 346
Train Loss: 0.0044
Val Loss: 0.0018
------------
Epoch 347
Train Loss: 0.0044
Val Loss: 0.0019
------------
Epoch 348
Train Loss: 0.0044
Val Loss: 0.0021
------------
Epoch 349
Train Loss: 0.0044
Val Loss: 0.0020
------------
Epoch 350
Train Loss: 0.0042
Val Loss: 0.0019
------------
Epoch 351
Train Loss: 0.0044
Val Loss: 0.0020
------------
Epoch 352
Train Loss: 0.0049
Val Loss: 0.0020
------------
Epoch 353
Train Loss: 0.0046
Val Loss: 0.0020
------------
Epoch 354
Train Loss: 0.0045
Val Loss: 0.0018
------------
Epoch 355
Train Loss: 0.0041
Val Loss: 0.0021
------------
Epoch 356
Train Loss: 0.0041
Val Loss: 0.0019
------------
Epoch 357
Train Loss: 0.0043
Val Loss: 0.0018
------------
Epoch 358
Train Loss: 0.0042
Val Loss: 0.0019
------------
Epoch 359
Train Loss: 0.0044
Val Loss: 0.0019
------------
Epoch 360
Train Loss: 0.0043
Val Loss: 0.0020
------------
Epoch 361
Train Loss: 0.0046
Val Loss: 0.0018
------------
Epoch 362
Train Loss: 0.0043
Val Loss: 0.0016
------------
Epoch 363
Train Loss: 0.0041
Val Loss: 0.0020
------------
Epoch 364
Train Loss: 0.0043
Val Loss: 0.0018
------------
Epoch 365
Train Loss: 0.0045
Val Loss: 0.0020
------------
Epoch 366
Train Loss: 0.0035
Val Loss: 0.0019
------------
Epoch 367
Train Loss: 0.0042
Val Loss: 0.0019
------------
Epoch 368
Train Loss: 0.0040
Val Loss: 0.0017
------------
Epoch 369
Train Loss: 0.0041
Val Loss: 0.0017
------------
Epoch 370
Train Loss: 0.0041
Val Loss: 0.0018
------------
Epoch 371
Train Loss: 0.0038
Val Loss: 0.0019
------------
Epoch 372
Train Loss: 0.0040
Val Loss: 0.0018
------------
Epoch 373
Train Loss: 0.0045
Val Loss: 0.0016
------------
Epoch 374
Train Loss: 0.0039
Val Loss: 0.0017
------------
Epoch 375
Train Loss: 0.0044
Val Loss: 0.0017
------------
Epoch 376
Train Loss: 0.0039
Val Loss: 0.0017
------------
Epoch 377
Train Loss: 0.0043
Val Loss: 0.0016
------------
Epoch 378
Train Loss: 0.0038
Val Loss: 0.0016
------------
Epoch 379
Train Loss: 0.0042
Val Loss: 0.0019
------------
Epoch 380
Train Loss: 0.0037
Val Loss: 0.0018
------------
Epoch 381
Train Loss: 0.0040
Val Loss: 0.0016
------------
Epoch 382
Train Loss: 0.0040
Val Loss: 0.0016
------------
Epoch 383
Train Loss: 0.0043
Val Loss: 0.0018
------------
Epoch 384
Train Loss: 0.0039
Val Loss: 0.0018
------------
Epoch 385
Train Loss: 0.0043
Val Loss: 0.0019
------------
Epoch 386
Train Loss: 0.0038
Val Loss: 0.0016
------------
Epoch 387
Train Loss: 0.0039
Val Loss: 0.0017
------------
Epoch 388
Train Loss: 0.0040
Val Loss: 0.0018
------------
Epoch 389
Train Loss: 0.0040
Val Loss: 0.0016
------------
Epoch 390
Train Loss: 0.0040
Val Loss: 0.0018
------------
Epoch 391
Train Loss: 0.0039
Val Loss: 0.0017
------------
Epoch 392
Train Loss: 0.0035
Val Loss: 0.0017
------------
Epoch 393
Train Loss: 0.0037
Val Loss: 0.0017
------------
Epoch 394
Train Loss: 0.0037
Val Loss: 0.0016
------------
Epoch 395
Train Loss: 0.0036
Val Loss: 0.0015
------------
Epoch 396
Train Loss: 0.0036
Val Loss: 0.0017
------------
Epoch 397
Train Loss: 0.0041
Val Loss: 0.0014
------------
Epoch 398
Train Loss: 0.0041
Val Loss: 0.0016
------------
Epoch 399
Train Loss: 0.0039
Val Loss: 0.0017
------------
Epoch 400
Train Loss: 0.0038
Val Loss: 0.0016
------------
Epoch 401
Train Loss: 0.0037
Val Loss: 0.0016
------------
Epoch 402
Train Loss: 0.0034
Val Loss: 0.0016
------------
Epoch 403
Train Loss: 0.0036
Val Loss: 0.0017
------------
Epoch 404
Train Loss: 0.0032
Val Loss: 0.0016
------------
Epoch 405
Train Loss: 0.0039
Val Loss: 0.0016
------------
Epoch 406
Train Loss: 0.0036
Val Loss: 0.0017
------------
Epoch 407
Train Loss: 0.0035
Val Loss: 0.0016
------------
Epoch 408
Train Loss: 0.0034
Val Loss: 0.0016
------------
Epoch 409
Train Loss: 0.0035
Val Loss: 0.0015
------------
Epoch 410
Train Loss: 0.0037
Val Loss: 0.0015
------------
Epoch 411
Train Loss: 0.0038
Val Loss: 0.0016
------------
Epoch 412
Train Loss: 0.0039
Val Loss: 0.0016
------------
Epoch 413
Train Loss: 0.0037
Val Loss: 0.0017
------------
Epoch 414
Train Loss: 0.0036
Val Loss: 0.0016
------------
Epoch 415
Train Loss: 0.0035
Val Loss: 0.0017
------------
Epoch 416
Train Loss: 0.0035
Val Loss: 0.0015
------------
Epoch 417
Train Loss: 0.0039
Val Loss: 0.0016
------------
Epoch 418
Train Loss: 0.0042
Val Loss: 0.0016
------------
Epoch 419
Train Loss: 0.0037
Val Loss: 0.0016
------------
Epoch 420
Train Loss: 0.0042
Val Loss: 0.0015
------------
Epoch 421
Train Loss: 0.0034
Val Loss: 0.0016
------------
Epoch 422
Train Loss: 0.0036
Val Loss: 0.0016
------------
Epoch 423
Train Loss: 0.0034
Val Loss: 0.0016
------------
Epoch 424
Train Loss: 0.0034
Val Loss: 0.0015
------------
Epoch 425
Train Loss: 0.0038
Val Loss: 0.0014
------------
Epoch 426
Train Loss: 0.0035
Val Loss: 0.0017
------------
Epoch 427
Train Loss: 0.0033
Val Loss: 0.0014
------------
Epoch 428
Train Loss: 0.0039
Val Loss: 0.0016
------------
Epoch 429
Train Loss: 0.0038
Val Loss: 0.0015
------------
Epoch 430
Train Loss: 0.0035
Val Loss: 0.0015
------------
Epoch 431
Train Loss: 0.0033
Val Loss: 0.0015
------------
Epoch 432
Train Loss: 0.0032
Val Loss: 0.0015
------------
Epoch 433
Train Loss: 0.0033
Val Loss: 0.0014
------------
Epoch 434
Train Loss: 0.0035
Val Loss: 0.0015
------------
Epoch 435
Train Loss: 0.0037
Val Loss: 0.0016
------------
Epoch 436
Train Loss: 0.0037
Val Loss: 0.0015
------------
Epoch 437
Train Loss: 0.0033
Val Loss: 0.0014
------------
Epoch 438
Train Loss: 0.0035
Val Loss: 0.0017
------------
Epoch 439
Train Loss: 0.0031
Val Loss: 0.0014
------------
Epoch 440
Train Loss: 0.0032
Val Loss: 0.0015
------------
Epoch 441
Train Loss: 0.0032
Val Loss: 0.0015
------------
Epoch 442
Train Loss: 0.0034
Val Loss: 0.0014
------------
Epoch 443
Train Loss: 0.0030
Val Loss: 0.0015
------------
Epoch 444
Train Loss: 0.0034
Val Loss: 0.0014
------------
Epoch 445
Train Loss: 0.0033
Val Loss: 0.0014
------------
Epoch 446
Train Loss: 0.0034
Val Loss: 0.0015
------------
Epoch 447
Train Loss: 0.0032
Val Loss: 0.0015
------------
Epoch 448
Train Loss: 0.0032
Val Loss: 0.0015
------------
Epoch 449
Train Loss: 0.0031
Val Loss: 0.0014
------------
Epoch 450
Train Loss: 0.0033
Val Loss: 0.0014
------------
Epoch 451
Train Loss: 0.0029
Val Loss: 0.0014
------------
Epoch 452
Train Loss: 0.0029
Val Loss: 0.0014
------------
Epoch 453
Train Loss: 0.0033
Val Loss: 0.0015
------------
Epoch 454
Train Loss: 0.0033
Val Loss: 0.0012
------------
Epoch 455
Train Loss: 0.0038
Val Loss: 0.0014
------------
Epoch 456
Train Loss: 0.0028
Val Loss: 0.0015
------------
Epoch 457
Train Loss: 0.0029
Val Loss: 0.0014
------------
Epoch 458
Train Loss: 0.0032
Val Loss: 0.0014
------------
Epoch 459
Train Loss: 0.0033
Val Loss: 0.0014
------------
Epoch 460
Train Loss: 0.0031
Val Loss: 0.0014
------------
Epoch 461
Train Loss: 0.0029
Val Loss: 0.0014
------------
Epoch 462
Train Loss: 0.0030
Val Loss: 0.0014
------------
Epoch 463
Train Loss: 0.0030
Val Loss: 0.0014
------------
Epoch 464
Train Loss: 0.0029
Val Loss: 0.0014
------------
Epoch 465
Train Loss: 0.0030
Val Loss: 0.0015
------------
Epoch 466
Train Loss: 0.0031
Val Loss: 0.0013
------------
Epoch 467
Train Loss: 0.0030
Val Loss: 0.0013
------------
Epoch 468
Train Loss: 0.0032
Val Loss: 0.0014
------------
Epoch 469
Train Loss: 0.0029
Val Loss: 0.0014
------------
Epoch 470
Train Loss: 0.0032
Val Loss: 0.0012
------------
Epoch 471
Train Loss: 0.0035
Val Loss: 0.0015
------------
Epoch 472
Train Loss: 0.0031
Val Loss: 0.0014
------------
Epoch 473
Train Loss: 0.0029
Val Loss: 0.0013
------------
Epoch 474
Train Loss: 0.0033
Val Loss: 0.0013
------------
Epoch 475
Train Loss: 0.0027
Val Loss: 0.0013
------------
Epoch 476
Train Loss: 0.0030
Val Loss: 0.0014
------------
Epoch 477
Train Loss: 0.0031
Val Loss: 0.0014
------------
Epoch 478
Train Loss: 0.0034
Val Loss: 0.0014
------------
Epoch 479
Train Loss: 0.0037
Val Loss: 0.0014
------------
Epoch 480
Train Loss: 0.0027
Val Loss: 0.0014
------------
Epoch 481
Train Loss: 0.0030
Val Loss: 0.0012
------------
Epoch 482
Train Loss: 0.0029
Val Loss: 0.0013
------------
Epoch 483
Train Loss: 0.0033
Val Loss: 0.0014
------------
Epoch 484
Train Loss: 0.0032
Val Loss: 0.0014
------------
Epoch 485
Train Loss: 0.0031
Val Loss: 0.0013
------------
Epoch 486
Train Loss: 0.0030
Val Loss: 0.0013
------------
Epoch 487
Train Loss: 0.0032
Val Loss: 0.0013
------------
Epoch 488
Train Loss: 0.0030
Val Loss: 0.0013
------------
Epoch 489
Train Loss: 0.0030
Val Loss: 0.0013
------------
Epoch 490
Train Loss: 0.0030
Val Loss: 0.0014
------------
Epoch 491
Train Loss: 0.0027
Val Loss: 0.0014
------------
Epoch 492
Train Loss: 0.0029
Val Loss: 0.0014
------------
Epoch 493
Train Loss: 0.0032
Val Loss: 0.0013
------------
Epoch 494
Train Loss: 0.0029
Val Loss: 0.0014
------------
Epoch 495
Train Loss: 0.0029
Val Loss: 0.0012
------------
Epoch 496
Train Loss: 0.0029
Val Loss: 0.0013
------------
Epoch 497
Train Loss: 0.0028
Val Loss: 0.0013
------------
Epoch 498
Train Loss: 0.0029
Val Loss: 0.0014
------------
Epoch 499
Train Loss: 0.0028
Val Loss: 0.0014
------------
Epoch 500
Train Loss: 0.0029
Val Loss: 0.0012
------------
tested
